<?xml version="1.0" encoding="UTF-8"?>
<!-- Generated by org.testng.reporters.JUnitXMLReporter -->
<testsuite ignored="0" hostname="RoundCircles-MacBook-Pro.local" failures="0" tests="3" name="Test" time="111.318" errors="0" timestamp="2025-08-28T12:26:24 IST">
  <testcase classname="chatbot.ai.ChatBotExcelTest" name="testSites" time="21.711"/>
  <testcase classname="chatbot.ai.ChatBotExcelTest" name="testSites" time="41.637"/>
  <testcase classname="chatbot.ai.ChatBotExcelTest" name="testSites" time="40.402"/>
</testsuite> <!-- Test -->
