<?xml version="1.0" encoding="UTF-8"?>
<testng-results ignored="0" total="3" passed="3" failed="0" skipped="0">
  <reporter-output>
  </reporter-output>
  <suite started-at="2025-08-28T12:24:33 IST" name="Suite" finished-at="2025-08-28T12:26:24 IST" duration-ms="111318">
    <groups>
    </groups>
    <test started-at="2025-08-28T12:24:33 IST" name="Test" finished-at="2025-08-28T12:26:24 IST" duration-ms="111318">
      <class name="chatbot.ai.ChatBotExcelTest">
        <test-method is-config="true" signature="setUp()[pri:0, instance:chatbot.ai.ChatBotExcelTest@6adbc9d]" started-at="2025-08-28T12:24:34 IST" name="setUp" finished-at="2025-08-28T12:24:36 IST" duration-ms="2473" status="PASS">
          <reporter-output>
          </reporter-output>
        </test-method> <!-- setUp -->
        <test-method signature="testSites(java.lang.String)[pri:2, instance:chatbot.ai.ChatBotExcelTest@6adbc9d]" started-at="2025-08-28T12:24:36 IST" name="testSites" data-provider="chatbotUrls" finished-at="2025-08-28T12:24:58 IST" duration-ms="21711" status="PASS">
          <params>
            <param index="0">
              <value>
                <![CDATA[https://www.wyzard.ai/]]>
              </value>
            </param>
          </params>
          <reporter-output>
          </reporter-output>
        </test-method> <!-- testSites -->
        <test-method is-config="true" signature="tearDown()[pri:0, instance:chatbot.ai.ChatBotExcelTest@6adbc9d]" started-at="2025-08-28T12:24:58 IST" name="tearDown" finished-at="2025-08-28T12:24:58 IST" duration-ms="292" status="PASS">
          <reporter-output>
          </reporter-output>
        </test-method> <!-- tearDown -->
        <test-method is-config="true" signature="setUp()[pri:0, instance:chatbot.ai.ChatBotExcelTest@6adbc9d]" started-at="2025-08-28T12:24:58 IST" name="setUp" finished-at="2025-08-28T12:25:00 IST" duration-ms="1882" status="PASS">
          <reporter-output>
          </reporter-output>
        </test-method> <!-- setUp -->
        <test-method signature="testSites(java.lang.String)[pri:2, instance:chatbot.ai.ChatBotExcelTest@6adbc9d]" started-at="2025-08-28T12:25:00 IST" name="testSites" data-provider="chatbotUrls" finished-at="2025-08-28T12:25:42 IST" duration-ms="41637" status="PASS">
          <params>
            <param index="0">
              <value>
                <![CDATA[https://www.increff.com/]]>
              </value>
            </param>
          </params>
          <reporter-output>
          </reporter-output>
        </test-method> <!-- testSites -->
        <test-method is-config="true" signature="tearDown()[pri:0, instance:chatbot.ai.ChatBotExcelTest@6adbc9d]" started-at="2025-08-28T12:25:42 IST" name="tearDown" finished-at="2025-08-28T12:25:42 IST" duration-ms="198" status="PASS">
          <reporter-output>
          </reporter-output>
        </test-method> <!-- tearDown -->
        <test-method is-config="true" signature="setUp()[pri:0, instance:chatbot.ai.ChatBotExcelTest@6adbc9d]" started-at="2025-08-28T12:25:42 IST" name="setUp" finished-at="2025-08-28T12:25:44 IST" duration-ms="1888" status="PASS">
          <reporter-output>
          </reporter-output>
        </test-method> <!-- setUp -->
        <test-method signature="testSites(java.lang.String)[pri:2, instance:chatbot.ai.ChatBotExcelTest@6adbc9d]" started-at="2025-08-28T12:25:44 IST" name="testSites" data-provider="chatbotUrls" finished-at="2025-08-28T12:26:24 IST" duration-ms="40402" status="PASS">
          <params>
            <param index="0">
              <value>
                <![CDATA[https://www.cloudkeeper.com/]]>
              </value>
            </param>
          </params>
          <reporter-output>
          </reporter-output>
        </test-method> <!-- testSites -->
        <test-method is-config="true" signature="tearDown()[pri:0, instance:chatbot.ai.ChatBotExcelTest@6adbc9d]" started-at="2025-08-28T12:26:24 IST" name="tearDown" finished-at="2025-08-28T12:26:24 IST" duration-ms="192" status="PASS">
          <reporter-output>
          </reporter-output>
        </test-method> <!-- tearDown -->
      </class> <!-- chatbot.ai.ChatBotExcelTest -->
    </test> <!-- Test -->
  </suite> <!-- Suite -->
</testng-results>
